<?xml version="1.0" encoding="utf-8"?>
<TestRun id="930dec24-d148-4e8e-8458-e87aaa025f07" name="Pete@DESKTOP-M1SLL8L 2019-02-14 09:40:47" runUser="DESKTOP-M1SLL8L\Pete" xmlns="http://microsoft.com/schemas/VisualStudio/TeamTest/2010">
  <Times creation="2019-02-14T09:40:47.1972875+13:00" queuing="2019-02-14T09:40:47.1972875+13:00" start="2019-02-14T09:40:44.7477447+13:00" finish="2019-02-14T09:40:47.5370679+13:00" />
  <TestSettings name="default" id="af795746-cf52-47dd-8610-92c82cd36126">
    <Deployment runDeploymentRoot="Pete_DESKTOP-M1SLL8L_2019-02-14_09_40_47" />
  </TestSettings>
  <Results>
    <UnitTestResult executionId="47df6362-311a-4f19-a2c2-0e23222e2d86" testId="8176af8f-3883-4a9f-4f16-a724f89a6574" testName="XUnitTestProject1.Namespace1.UnitTest1.Test1" computerName="DESKTOP-M1SLL8L" duration="00:00:00.0010000" startTime="2019-02-14T09:40:47.1327657+13:00" endTime="2019-02-14T09:40:47.1327662+13:00" testType="13cdc9d9-ddb5-4fa4-a97d-d965ccfc6d4b" outcome="Failed" testListId="8c84fa94-04c1-424b-9868-57a2d4851a1d" relativeResultsDirectory="47df6362-311a-4f19-a2c2-0e23222e2d86">
      <Output>
        <ErrorInfo>
          <Message>Assert.True() Failure&#xD;
Expected: True&#xD;
Actual:   False</Message>
          <StackTrace>   at XUnitTestProject1.Namespace1.UnitTest1.Test1() in C:\Users\Pete\source\repos\XUnitTestProject1\XUnitTestProject1\UnitTest1.cs:line 11</StackTrace>
        </ErrorInfo>
      </Output>
    </UnitTestResult>
    <UnitTestResult executionId="a3cbe74a-95ec-405f-b9f8-3edb522bd0c1" testId="e424dde8-e0ac-305a-4e1a-eb3a4836675d" testName="XUnitTestProject1.Namespace2.UnitTest2.Test2" computerName="DESKTOP-M1SLL8L" duration="00:00:00.0010000" startTime="2019-02-14T09:40:47.1317243+13:00" endTime="2019-02-14T09:40:47.1317248+13:00" testType="13cdc9d9-ddb5-4fa4-a97d-d965ccfc6d4b" outcome="Passed" testListId="8c84fa94-04c1-424b-9868-57a2d4851a1d" relativeResultsDirectory="a3cbe74a-95ec-405f-b9f8-3edb522bd0c1" />
    <UnitTestResult executionId="88131625-6161-41ae-acba-32583bca508d" testId="671729fd-99d7-46db-a78c-248bcb791034" testName="XUnitTestProject1.Namespace3.UnitTest2.Test1" computerName="DESKTOP-M1SLL8L" duration="00:00:00.0120000" startTime="2019-02-14T09:40:46.9797707+13:00" endTime="2019-02-14T09:40:46.9797810+13:00" testType="13cdc9d9-ddb5-4fa4-a97d-d965ccfc6d4b" outcome="Passed" testListId="8c84fa94-04c1-424b-9868-57a2d4851a1d" relativeResultsDirectory="88131625-6161-41ae-acba-32583bca508d" />
    <UnitTestResult executionId="be6d7fa5-4540-4587-a0b9-6a882809ba17" testId="7e893564-7c46-9af1-7c0b-43ced4dabf44" testName="XUnitTestProject1.Namespace1.UnitTest1.Test3" computerName="DESKTOP-M1SLL8L" duration="00:00:00.0110000" startTime="2019-02-14T09:40:46.9868740+13:00" endTime="2019-02-14T09:40:46.9868740+13:00" testType="13cdc9d9-ddb5-4fa4-a97d-d965ccfc6d4b" outcome="Passed" testListId="8c84fa94-04c1-424b-9868-57a2d4851a1d" relativeResultsDirectory="be6d7fa5-4540-4587-a0b9-6a882809ba17" />
    <UnitTestResult executionId="97399c83-9ac1-451b-8052-de1c8783d928" testId="1fab4992-4a35-fc22-ea99-f447c1f50cf8" testName="XUnitTestProject1.Namespace3.UnitTest1.Test1" computerName="DESKTOP-M1SLL8L" duration="00:00:00.0110000" startTime="2019-02-14T09:40:46.9869624+13:00" endTime="2019-02-14T09:40:46.9869624+13:00" testType="13cdc9d9-ddb5-4fa4-a97d-d965ccfc6d4b" outcome="Passed" testListId="8c84fa94-04c1-424b-9868-57a2d4851a1d" relativeResultsDirectory="97399c83-9ac1-451b-8052-de1c8783d928" />
    <UnitTestResult executionId="309993ab-3f21-417e-bf12-344ae4f9da90" testId="b40125bc-803a-ddf3-ef1b-622ec24aa36c" testName="XUnitTestProject1.Namespace2.UnitTest2.Test1" computerName="DESKTOP-M1SLL8L" duration="00:00:00.0120000" startTime="2019-02-14T09:40:47.0553617+13:00" endTime="2019-02-14T09:40:47.0553632+13:00" testType="13cdc9d9-ddb5-4fa4-a97d-d965ccfc6d4b" outcome="Failed" testListId="8c84fa94-04c1-424b-9868-57a2d4851a1d" relativeResultsDirectory="309993ab-3f21-417e-bf12-344ae4f9da90">
      <Output>
        <ErrorInfo>
          <Message>Assert.True() Failure&#xD;
Expected: True&#xD;
Actual:   False</Message>
          <StackTrace>   at XUnitTestProject1.Namespace2.UnitTest2.Test1() in C:\Users\Pete\source\repos\XUnitTestProject1\XUnitTestProject1\UnitTest1.cs:line 40</StackTrace>
        </ErrorInfo>
      </Output>
    </UnitTestResult>
    <UnitTestResult executionId="9eb08a36-3dfa-4ab9-bf04-841c12724576" testId="c195e176-e39d-cde4-367b-36a0f90ee702" testName="XUnitTestProject1.Namespace3.UnitTest3.Test1" computerName="DESKTOP-M1SLL8L" duration="00:00:00.0110000" startTime="2019-02-14T09:40:46.9869342+13:00" endTime="2019-02-14T09:40:46.9869347+13:00" testType="13cdc9d9-ddb5-4fa4-a97d-d965ccfc6d4b" outcome="Passed" testListId="8c84fa94-04c1-424b-9868-57a2d4851a1d" relativeResultsDirectory="9eb08a36-3dfa-4ab9-bf04-841c12724576" />
    <UnitTestResult executionId="44eb0825-2bf1-415f-9d95-e82e10189776" testId="8ccf18d6-1c3c-35ce-903b-b3c93f9c3959" testName="XUnitTestProject1.Namespace1.UnitTest1.Test2" computerName="DESKTOP-M1SLL8L" duration="00:00:00.0010000" startTime="2019-02-14T09:40:47.0576560+13:00" endTime="2019-02-14T09:40:47.0576565+13:00" testType="13cdc9d9-ddb5-4fa4-a97d-d965ccfc6d4b" outcome="Failed" testListId="8c84fa94-04c1-424b-9868-57a2d4851a1d" relativeResultsDirectory="44eb0825-2bf1-415f-9d95-e82e10189776">
      <Output>
        <ErrorInfo>
          <Message>Assert.True() Failure&#xD;
Expected: True&#xD;
Actual:   False</Message>
          <StackTrace>   at XUnitTestProject1.Namespace1.UnitTest1.Test2() in C:\Users\Pete\source\repos\XUnitTestProject1\XUnitTestProject1\UnitTest1.cs:line 16</StackTrace>
        </ErrorInfo>
      </Output>
    </UnitTestResult>
    <UnitTestResult executionId="0259be5e-2463-49a8-a30e-a5842ab900ee" testId="e429398c-9020-306f-c8fe-19232177ea48" testName="XUnitTestProject1.Namespace3.UnitTest2.Test2" computerName="DESKTOP-M1SLL8L" duration="00:00:00.0010000" startTime="2019-02-14T09:40:46.9914214+13:00" endTime="2019-02-14T09:40:46.9914219+13:00" testType="13cdc9d9-ddb5-4fa4-a97d-d965ccfc6d4b" outcome="Passed" testListId="8c84fa94-04c1-424b-9868-57a2d4851a1d" relativeResultsDirectory="0259be5e-2463-49a8-a30e-a5842ab900ee" />
    <UnitTestResult executionId="78b9764c-5c11-433e-a12d-712eafd77745" testId="232965bf-3a76-592f-2369-e8a245e8393a" testName="XUnitTestProject1.Namespace2.UnitTest1.Test1" computerName="DESKTOP-M1SLL8L" duration="00:00:00.0110000" startTime="2019-02-14T09:40:46.9869840+13:00" endTime="2019-02-14T09:40:46.9869845+13:00" testType="13cdc9d9-ddb5-4fa4-a97d-d965ccfc6d4b" outcome="Passed" testListId="8c84fa94-04c1-424b-9868-57a2d4851a1d" relativeResultsDirectory="78b9764c-5c11-433e-a12d-712eafd77745" />
  </Results>
  <TestDefinitions>
    <UnitTest name="XUnitTestProject1.Namespace1.UnitTest1.Test1" storage="c:\users\pete\source\repos\xunittestproject1\xunittestproject1\bin\debug\netcoreapp2.2\xunittestproject1.dll" id="8176af8f-3883-4a9f-4f16-a724f89a6574">
      <Execution id="47df6362-311a-4f19-a2c2-0e23222e2d86" />
      <TestMethod codeBase="C:\Users\Pete\source\repos\XUnitTestProject1\XUnitTestProject1\bin\Debug\netcoreapp2.2\XUnitTestProject1.dll" adapterTypeName="executor://xunit/VsTestRunner2/netcoreapp" className="XUnitTestProject1" name="XUnitTestProject1.Namespace1.UnitTest1.Test1" />
    </UnitTest>
    <UnitTest name="XUnitTestProject1.Namespace1.UnitTest1.Test2" storage="c:\users\pete\source\repos\xunittestproject1\xunittestproject1\bin\debug\netcoreapp2.2\xunittestproject1.dll" id="8ccf18d6-1c3c-35ce-903b-b3c93f9c3959">
      <Execution id="44eb0825-2bf1-415f-9d95-e82e10189776" />
      <TestMethod codeBase="C:\Users\Pete\source\repos\XUnitTestProject1\XUnitTestProject1\bin\Debug\netcoreapp2.2\XUnitTestProject1.dll" adapterTypeName="executor://xunit/VsTestRunner2/netcoreapp" className="XUnitTestProject1" name="XUnitTestProject1.Namespace1.UnitTest1.Test2" />
    </UnitTest>
    <UnitTest name="XUnitTestProject1.Namespace3.UnitTest1.Test1" storage="c:\users\pete\source\repos\xunittestproject1\xunittestproject1\bin\debug\netcoreapp2.2\xunittestproject1.dll" id="1fab4992-4a35-fc22-ea99-f447c1f50cf8">
      <Execution id="97399c83-9ac1-451b-8052-de1c8783d928" />
      <TestMethod codeBase="C:\Users\Pete\source\repos\XUnitTestProject1\XUnitTestProject1\bin\Debug\netcoreapp2.2\XUnitTestProject1.dll" adapterTypeName="executor://xunit/VsTestRunner2/netcoreapp" className="XUnitTestProject1" name="XUnitTestProject1.Namespace3.UnitTest1.Test1" />
    </UnitTest>
    <UnitTest name="XUnitTestProject1.Namespace2.UnitTest1.Test1" storage="c:\users\pete\source\repos\xunittestproject1\xunittestproject1\bin\debug\netcoreapp2.2\xunittestproject1.dll" id="232965bf-3a76-592f-2369-e8a245e8393a">
      <Execution id="78b9764c-5c11-433e-a12d-712eafd77745" />
      <TestMethod codeBase="C:\Users\Pete\source\repos\XUnitTestProject1\XUnitTestProject1\bin\Debug\netcoreapp2.2\XUnitTestProject1.dll" adapterTypeName="executor://xunit/VsTestRunner2/netcoreapp" className="XUnitTestProject1" name="XUnitTestProject1.Namespace2.UnitTest1.Test1" />
    </UnitTest>
    <UnitTest name="XUnitTestProject1.Namespace2.UnitTest2.Test1" storage="c:\users\pete\source\repos\xunittestproject1\xunittestproject1\bin\debug\netcoreapp2.2\xunittestproject1.dll" id="b40125bc-803a-ddf3-ef1b-622ec24aa36c">
      <Execution id="309993ab-3f21-417e-bf12-344ae4f9da90" />
      <TestMethod codeBase="C:\Users\Pete\source\repos\XUnitTestProject1\XUnitTestProject1\bin\Debug\netcoreapp2.2\XUnitTestProject1.dll" adapterTypeName="executor://xunit/VsTestRunner2/netcoreapp" className="XUnitTestProject1" name="XUnitTestProject1.Namespace2.UnitTest2.Test1" />
    </UnitTest>
    <UnitTest name="XUnitTestProject1.Namespace3.UnitTest2.Test2" storage="c:\users\pete\source\repos\xunittestproject1\xunittestproject1\bin\debug\netcoreapp2.2\xunittestproject1.dll" id="e429398c-9020-306f-c8fe-19232177ea48">
      <Execution id="0259be5e-2463-49a8-a30e-a5842ab900ee" />
      <TestMethod codeBase="C:\Users\Pete\source\repos\XUnitTestProject1\XUnitTestProject1\bin\Debug\netcoreapp2.2\XUnitTestProject1.dll" adapterTypeName="executor://xunit/VsTestRunner2/netcoreapp" className="XUnitTestProject1" name="XUnitTestProject1.Namespace3.UnitTest2.Test2" />
    </UnitTest>
    <UnitTest name="XUnitTestProject1.Namespace1.UnitTest1.Test3" storage="c:\users\pete\source\repos\xunittestproject1\xunittestproject1\bin\debug\netcoreapp2.2\xunittestproject1.dll" id="7e893564-7c46-9af1-7c0b-43ced4dabf44">
      <Execution id="be6d7fa5-4540-4587-a0b9-6a882809ba17" />
      <TestMethod codeBase="C:\Users\Pete\source\repos\XUnitTestProject1\XUnitTestProject1\bin\Debug\netcoreapp2.2\XUnitTestProject1.dll" adapterTypeName="executor://xunit/VsTestRunner2/netcoreapp" className="XUnitTestProject1" name="XUnitTestProject1.Namespace1.UnitTest1.Test3" />
    </UnitTest>
    <UnitTest name="XUnitTestProject1.Namespace2.UnitTest2.Test2" storage="c:\users\pete\source\repos\xunittestproject1\xunittestproject1\bin\debug\netcoreapp2.2\xunittestproject1.dll" id="e424dde8-e0ac-305a-4e1a-eb3a4836675d">
      <Execution id="a3cbe74a-95ec-405f-b9f8-3edb522bd0c1" />
      <TestMethod codeBase="C:\Users\Pete\source\repos\XUnitTestProject1\XUnitTestProject1\bin\Debug\netcoreapp2.2\XUnitTestProject1.dll" adapterTypeName="executor://xunit/VsTestRunner2/netcoreapp" className="XUnitTestProject1" name="XUnitTestProject1.Namespace2.UnitTest2.Test2" />
    </UnitTest>
    <UnitTest name="XUnitTestProject1.Namespace3.UnitTest3.Test1" storage="c:\users\pete\source\repos\xunittestproject1\xunittestproject1\bin\debug\netcoreapp2.2\xunittestproject1.dll" id="c195e176-e39d-cde4-367b-36a0f90ee702">
      <Execution id="9eb08a36-3dfa-4ab9-bf04-841c12724576" />
      <TestMethod codeBase="C:\Users\Pete\source\repos\XUnitTestProject1\XUnitTestProject1\bin\Debug\netcoreapp2.2\XUnitTestProject1.dll" adapterTypeName="executor://xunit/VsTestRunner2/netcoreapp" className="XUnitTestProject1" name="XUnitTestProject1.Namespace3.UnitTest3.Test1" />
    </UnitTest>
    <UnitTest name="XUnitTestProject1.Namespace3.UnitTest2.Test1" storage="c:\users\pete\source\repos\xunittestproject1\xunittestproject1\bin\debug\netcoreapp2.2\xunittestproject1.dll" id="671729fd-99d7-46db-a78c-248bcb791034">
      <Execution id="88131625-6161-41ae-acba-32583bca508d" />
      <TestMethod codeBase="C:\Users\Pete\source\repos\XUnitTestProject1\XUnitTestProject1\bin\Debug\netcoreapp2.2\XUnitTestProject1.dll" adapterTypeName="executor://xunit/VsTestRunner2/netcoreapp" className="XUnitTestProject1" name="XUnitTestProject1.Namespace3.UnitTest2.Test1" />
    </UnitTest>
  </TestDefinitions>
  <TestEntries>
    <TestEntry testId="8176af8f-3883-4a9f-4f16-a724f89a6574" executionId="47df6362-311a-4f19-a2c2-0e23222e2d86" testListId="8c84fa94-04c1-424b-9868-57a2d4851a1d" />
    <TestEntry testId="e424dde8-e0ac-305a-4e1a-eb3a4836675d" executionId="a3cbe74a-95ec-405f-b9f8-3edb522bd0c1" testListId="8c84fa94-04c1-424b-9868-57a2d4851a1d" />
    <TestEntry testId="671729fd-99d7-46db-a78c-248bcb791034" executionId="88131625-6161-41ae-acba-32583bca508d" testListId="8c84fa94-04c1-424b-9868-57a2d4851a1d" />
    <TestEntry testId="7e893564-7c46-9af1-7c0b-43ced4dabf44" executionId="be6d7fa5-4540-4587-a0b9-6a882809ba17" testListId="8c84fa94-04c1-424b-9868-57a2d4851a1d" />
    <TestEntry testId="1fab4992-4a35-fc22-ea99-f447c1f50cf8" executionId="97399c83-9ac1-451b-8052-de1c8783d928" testListId="8c84fa94-04c1-424b-9868-57a2d4851a1d" />
    <TestEntry testId="b40125bc-803a-ddf3-ef1b-622ec24aa36c" executionId="309993ab-3f21-417e-bf12-344ae4f9da90" testListId="8c84fa94-04c1-424b-9868-57a2d4851a1d" />
    <TestEntry testId="c195e176-e39d-cde4-367b-36a0f90ee702" executionId="9eb08a36-3dfa-4ab9-bf04-841c12724576" testListId="8c84fa94-04c1-424b-9868-57a2d4851a1d" />
    <TestEntry testId="8ccf18d6-1c3c-35ce-903b-b3c93f9c3959" executionId="44eb0825-2bf1-415f-9d95-e82e10189776" testListId="8c84fa94-04c1-424b-9868-57a2d4851a1d" />
    <TestEntry testId="e429398c-9020-306f-c8fe-19232177ea48" executionId="0259be5e-2463-49a8-a30e-a5842ab900ee" testListId="8c84fa94-04c1-424b-9868-57a2d4851a1d" />
    <TestEntry testId="232965bf-3a76-592f-2369-e8a245e8393a" executionId="78b9764c-5c11-433e-a12d-712eafd77745" testListId="8c84fa94-04c1-424b-9868-57a2d4851a1d" />
  </TestEntries>
  <TestLists>
    <TestList name="Results Not in a List" id="8c84fa94-04c1-424b-9868-57a2d4851a1d" />
    <TestList name="All Loaded Results" id="19431567-8539-422a-85d7-44ee4e166bda" />
  </TestLists>
  <ResultSummary outcome="Failed">
    <Counters total="10" executed="10" passed="7" failed="3" error="0" timeout="0" aborted="0" inconclusive="0" passedButRunAborted="0" notRunnable="0" notExecuted="0" disconnected="0" warning="0" completed="0" inProgress="0" pending="0" />
    <Output>
      <StdOut>[xUnit.net 00:00:00.00] xUnit.net VSTest Adapter v2.4.0 (64-bit .NET Core 4.6.27207.03)[xUnit.net 00:00:00.65]   Discovering: XUnitTestProject1[xUnit.net 00:00:00.77]   Discovered:  XUnitTestProject1[xUnit.net 00:00:00.77]   Starting:    XUnitTestProject1[xUnit.net 00:00:01.05]       Assert.True() Failure[xUnit.net 00:00:01.05]       Expected: True[xUnit.net 00:00:01.05]       Actual:   False[xUnit.net 00:00:01.05]       Stack Trace:[xUnit.net 00:00:01.05]         C:\Users\Pete\source\repos\XUnitTestProject1\XUnitTestProject1\UnitTest1.cs(40,0): at XUnitTestProject1.Namespace2.UnitTest2.Test1()[xUnit.net 00:00:01.06]       Assert.True() Failure[xUnit.net 00:00:01.06]       Expected: True[xUnit.net 00:00:01.06]       Actual:   False[xUnit.net 00:00:01.06]       Stack Trace:[xUnit.net 00:00:01.06]         C:\Users\Pete\source\repos\XUnitTestProject1\XUnitTestProject1\UnitTest1.cs(16,0): at XUnitTestProject1.Namespace1.UnitTest1.Test2()[xUnit.net 00:00:01.13]       Assert.True() Failure[xUnit.net 00:00:01.13]       Expected: True[xUnit.net 00:00:01.13]       Actual:   False[xUnit.net 00:00:01.13]       Stack Trace:[xUnit.net 00:00:01.13]         C:\Users\Pete\source\repos\XUnitTestProject1\XUnitTestProject1\UnitTest1.cs(11,0): at XUnitTestProject1.Namespace1.UnitTest1.Test1()[xUnit.net 00:00:01.14]   Finished:    XUnitTestProject1</StdOut>
    </Output>
    <RunInfos>
      <RunInfo computerName="DESKTOP-M1SLL8L" outcome="Error" timestamp="2019-02-14T09:40:47.0425139+13:00">
        <Text>[xUnit.net 00:00:01.04]     XUnitTestProject1.Namespace2.UnitTest2.Test1 [FAIL]</Text>
      </RunInfo>
      <RunInfo computerName="DESKTOP-M1SLL8L" outcome="Error" timestamp="2019-02-14T09:40:47.0568216+13:00">
        <Text>[xUnit.net 00:00:01.06]     XUnitTestProject1.Namespace1.UnitTest1.Test2 [FAIL]</Text>
      </RunInfo>
      <RunInfo computerName="DESKTOP-M1SLL8L" outcome="Error" timestamp="2019-02-14T09:40:47.3761256+13:00">
        <Text>[xUnit.net 00:00:01.13]     XUnitTestProject1.Namespace1.UnitTest1.Test1 [FAIL]</Text>
      </RunInfo>
    </RunInfos>
  </ResultSummary>
</TestRun>